<?xml version="1.0" encoding="UTF-8"?>
<testng-results skipped="0" failed="0" ignored="0" total="1" passed="1">
  <reporter-output>
  </reporter-output>
  <suite name="Default suite" duration-ms="12026" started-at="2018-08-10T06:39:28Z" finished-at="2018-08-10T06:39:40Z">
    <groups>
    </groups>
    <test name="Default test" duration-ms="12026" started-at="2018-08-10T06:39:28Z" finished-at="2018-08-10T06:39:40Z">
      <class name="com.syntel.SeleniumTest">
        <test-method status="PASS" signature="test1()[pri:0, instance:com.syntel.SeleniumTest@482f8f11]" name="test1" duration-ms="12010" started-at="2018-08-10T06:39:28Z" finished-at="2018-08-10T06:39:40Z">
          <reporter-output>
          </reporter-output>
        </test-method> <!-- test1 -->
      </class> <!-- com.syntel.SeleniumTest -->
    </test> <!-- Default test -->
  </suite> <!-- Default suite -->
</testng-results>
