<?xml version="1.0" encoding="UTF-8"?>
<testng-results skipped="0" failed="0" ignored="0" total="1" passed="1">
  <reporter-output>
  </reporter-output>
  <suite name="Default suite" duration-ms="47" started-at="2018-08-10T05:21:01Z" finished-at="2018-08-10T05:21:01Z">
    <groups>
    </groups>
    <test name="Default test" duration-ms="47" started-at="2018-08-10T05:21:01Z" finished-at="2018-08-10T05:21:01Z">
      <class name="com.syntel.SampleTest">
        <test-method status="PASS" signature="test1()[pri:0, instance:com.syntel.SampleTest@6cc4c815]" name="test1" duration-ms="13" started-at="2018-08-10T05:21:01Z" finished-at="2018-08-10T05:21:01Z">
          <reporter-output>
          </reporter-output>
        </test-method> <!-- test1 -->
      </class> <!-- com.syntel.SampleTest -->
    </test> <!-- Default test -->
  </suite> <!-- Default suite -->
</testng-results>
